
 CHECKING HOST(S) AVAILABILITY
 -----------------------------

   ssros.ru:443                       => 185.125.217.182 




 SCAN RESULTS FOR SSROS.RU:443 - 185.125.217.182
 -----------------------------------------------

 * OpenSSL CCS Injection:
                                          OK - Not vulnerable to OpenSSL CCS injection

 * Downgrade Attacks:
       TLS_FALLBACK_SCSV:                 OK - Supported

 * OpenSSL Heartbleed:
                                          OK - Not vulnerable to Heartbleed

 * SSL 2.0 Cipher suites:
     Attempted to connect using 7 cipher suites; the server rejected all cipher suites.

 * TLS 1.2 Cipher suites:
     Attempted to connect using 158 cipher suites.

     The server accepted the following 30 cipher suites:
        TLS_RSA_WITH_SEED_CBC_SHA                         128                      
        TLS_RSA_WITH_RC4_128_SHA                          128                      
        TLS_RSA_WITH_CAMELLIA_256_CBC_SHA                 256                      
        TLS_RSA_WITH_CAMELLIA_128_CBC_SHA                 128                      
        TLS_RSA_WITH_AES_256_GCM_SHA384                   256                      
        TLS_RSA_WITH_AES_256_CBC_SHA256                   256                      
        TLS_RSA_WITH_AES_256_CBC_SHA                      256                      
        TLS_RSA_WITH_AES_128_GCM_SHA256                   128                      
        TLS_RSA_WITH_AES_128_CBC_SHA256                   128                      
        TLS_RSA_WITH_AES_128_CBC_SHA                      128                      
        TLS_RSA_WITH_3DES_EDE_CBC_SHA                     168                      
        TLS_ECDHE_RSA_WITH_RC4_128_SHA                    128       ECDH: prime256v1 (256 bits)
        TLS_ECDHE_RSA_WITH_AES_256_GCM_SHA384             256       ECDH: prime256v1 (256 bits)
        TLS_ECDHE_RSA_WITH_AES_256_CBC_SHA384             256       ECDH: prime256v1 (256 bits)
        TLS_ECDHE_RSA_WITH_AES_256_CBC_SHA                256       ECDH: prime256v1 (256 bits)
        TLS_ECDHE_RSA_WITH_AES_128_GCM_SHA256             128       ECDH: prime256v1 (256 bits)
        TLS_ECDHE_RSA_WITH_AES_128_CBC_SHA256             128       ECDH: prime256v1 (256 bits)
        TLS_ECDHE_RSA_WITH_AES_128_CBC_SHA                128       ECDH: prime256v1 (256 bits)
        TLS_ECDHE_RSA_WITH_3DES_EDE_CBC_SHA               168       ECDH: prime256v1 (256 bits)
        TLS_DHE_RSA_WITH_SEED_CBC_SHA                     128       DH (2048 bits) 
        TLS_DHE_RSA_WITH_CAMELLIA_256_CBC_SHA             256       DH (2048 bits) 
        TLS_DHE_RSA_WITH_CAMELLIA_128_CBC_SHA             128       DH (2048 bits) 
        TLS_DHE_RSA_WITH_AES_256_GCM_SHA384               256       DH (2048 bits) 
        TLS_DHE_RSA_WITH_AES_256_CBC_SHA256               256       DH (2048 bits) 
        TLS_DHE_RSA_WITH_AES_256_CBC_SHA                  256       DH (2048 bits) 
        TLS_DHE_RSA_WITH_AES_128_GCM_SHA256               128       DH (2048 bits) 
        TLS_DHE_RSA_WITH_AES_128_CBC_SHA256               128       DH (2048 bits) 
        TLS_DHE_RSA_WITH_AES_128_CBC_SHA                  128       DH (2048 bits) 
        TLS_DHE_RSA_WITH_3DES_EDE_CBC_SHA                 168       DH (2048 bits) 
        TLS_DHE_RSA_WITH_3DES_EDE_CBC_SHA                 168       DH (2048 bits) 

     The group of cipher suites supported by the server has the following properties:
       Forward Secrecy                    OK - Supported
       Legacy RC4 Algorithm               INSECURE - Supported

     The server has no preferred cipher suite.


 * ROBOT Attack:
                                          OK - Not vulnerable.

 * SSL 3.0 Cipher suites:
     Attempted to connect using 80 cipher suites.

     The server accepted the following 17 cipher suites:
        TLS_RSA_WITH_SEED_CBC_SHA                         128                      
        TLS_RSA_WITH_RC4_128_SHA                          128                      
        TLS_RSA_WITH_CAMELLIA_256_CBC_SHA                 256                      
        TLS_RSA_WITH_CAMELLIA_128_CBC_SHA                 128                      
        TLS_RSA_WITH_AES_256_CBC_SHA                      256                      
        TLS_RSA_WITH_AES_128_CBC_SHA                      128                      
        TLS_RSA_WITH_3DES_EDE_CBC_SHA                     168                      
        TLS_ECDHE_RSA_WITH_RC4_128_SHA                    128       ECDH: prime256v1 (256 bits)
        TLS_ECDHE_RSA_WITH_AES_256_CBC_SHA                256       ECDH: prime256v1 (256 bits)
        TLS_ECDHE_RSA_WITH_AES_128_CBC_SHA                128       ECDH: prime256v1 (256 bits)
        TLS_ECDHE_RSA_WITH_3DES_EDE_CBC_SHA               168       ECDH: prime256v1 (256 bits)
        TLS_DHE_RSA_WITH_SEED_CBC_SHA                     128       DH (2048 bits) 
        TLS_DHE_RSA_WITH_CAMELLIA_256_CBC_SHA             256       DH (2048 bits) 
        TLS_DHE_RSA_WITH_CAMELLIA_128_CBC_SHA             128       DH (2048 bits) 
        TLS_DHE_RSA_WITH_AES_256_CBC_SHA                  256       DH (2048 bits) 
        TLS_DHE_RSA_WITH_AES_128_CBC_SHA                  128       DH (2048 bits) 
        TLS_DHE_RSA_WITH_3DES_EDE_CBC_SHA                 168       DH (2048 bits) 

     The group of cipher suites supported by the server has the following properties:
       Forward Secrecy                    OK - Supported
       Legacy RC4 Algorithm               INSECURE - Supported

     The server has no preferred cipher suite.


 * Deflate Compression:
                                          OK - Compression disabled

 * Certificates Information:
       Hostname sent for SNI:             ssros.ru
       Number of certificates detected:   1


     Certificate #0 ( _RSAPublicKey )
       SHA1 Fingerprint:                  71fe8afee4b32b070a06872eb81ba32018e355ce
       Common Name:                       ssros.ru
       Issuer:                            Let's Encrypt Authority X3
       Serial Number:                     327784062194124668058431546925690770493499
       Not Before:                        2018-01-11
       Not After:                         2018-04-11
       Public Key Algorithm:              _RSAPublicKey
       Signature Algorithm:               sha256
       Key Size:                          2048
       Exponent:                          65537
       DNS Subject Alternative Names:     ['ssros.ru', 'www.ssros.ru']

     Certificate #0 - Trust
       Hostname Validation:               OK - Certificate matches server hostname
       Android CA Store (9.0.0_r9):       FAILED - Certificate is NOT Trusted: unable to get local issuer certificate
       Apple CA Store (iOS 13, iPadOS 13, macOS 10.15, watchOS 6, and tvOS 13):FAILED - Certificate is NOT Trusted: unable to get local issuer certificate
       Java CA Store (jdk-13.0.2):        FAILED - Certificate is NOT Trusted: unable to get local issuer certificate
       Mozilla CA Store (2020-06-21):     FAILED - Certificate is NOT Trusted: unable to get local issuer certificate
       Windows CA Store (2020-05-04):     FAILED - Certificate is NOT Trusted: unable to get local issuer certificate
       Symantec 2018 Deprecation:         ERROR - Could not build verified chain (certificate untrusted?)
       Received Chain:                    ssros.ru
       Verified Chain:                    ERROR - Could not build verified chain (certificate untrusted?)
       Received Chain Contains Anchor:    ERROR - Could not build verified chain (certificate untrusted?)
       Received Chain Order:              OK - Order is valid
       Verified Chain contains SHA1:      ERROR - Could not build verified chain (certificate untrusted?)

     Certificate #0 - Extensions
       OCSP Must-Staple:                  NOT SUPPORTED - Extension not found
       Certificate Transparency:          NOT SUPPORTED - Extension not found

     Certificate #0 - OCSP Stapling
                                          NOT SUPPORTED - Server did not send back an OCSP response

 * TLS 1.2 Session Resumption Support:
      With Session IDs: OK - Supported (5 successful resumptions out of 5 attempts).
      With TLS Tickets: OK - Supported.

 * Session Renegotiation:
       Client-initiated Renegotiation:    OK - Rejected
       Secure Renegotiation:              OK - Supported

 * TLS 1.0 Cipher suites:
     Attempted to connect using 80 cipher suites.

     The server accepted the following 17 cipher suites:
        TLS_RSA_WITH_SEED_CBC_SHA                         128                      
        TLS_RSA_WITH_RC4_128_SHA                          128                      
        TLS_RSA_WITH_CAMELLIA_256_CBC_SHA                 256                      
        TLS_RSA_WITH_CAMELLIA_128_CBC_SHA                 128                      
        TLS_RSA_WITH_AES_256_CBC_SHA                      256                      
        TLS_RSA_WITH_AES_128_CBC_SHA                      128                      
        TLS_RSA_WITH_3DES_EDE_CBC_SHA                     168                      
        TLS_ECDHE_RSA_WITH_RC4_128_SHA                    128       ECDH: prime256v1 (256 bits)
        TLS_ECDHE_RSA_WITH_AES_256_CBC_SHA                256       ECDH: prime256v1 (256 bits)
        TLS_ECDHE_RSA_WITH_AES_128_CBC_SHA                128       ECDH: prime256v1 (256 bits)
        TLS_ECDHE_RSA_WITH_3DES_EDE_CBC_SHA               168       ECDH: prime256v1 (256 bits)
        TLS_DHE_RSA_WITH_SEED_CBC_SHA                     128       DH (2048 bits) 
        TLS_DHE_RSA_WITH_CAMELLIA_256_CBC_SHA             256       DH (2048 bits) 
        TLS_DHE_RSA_WITH_CAMELLIA_128_CBC_SHA             128       DH (2048 bits) 
        TLS_DHE_RSA_WITH_AES_256_CBC_SHA                  256       DH (2048 bits) 
        TLS_DHE_RSA_WITH_AES_128_CBC_SHA                  128       DH (2048 bits) 
        TLS_DHE_RSA_WITH_3DES_EDE_CBC_SHA                 168       DH (2048 bits) 

     The group of cipher suites supported by the server has the following properties:
       Forward Secrecy                    OK - Supported
       Legacy RC4 Algorithm               INSECURE - Supported

     The server has no preferred cipher suite.


 * TLS 1.3 Cipher suites:
     Attempted to connect using 5 cipher suites; the server rejected all cipher suites.

 * TLS 1.1 Cipher suites:
     Attempted to connect using 80 cipher suites.

     The server accepted the following 17 cipher suites:
        TLS_RSA_WITH_SEED_CBC_SHA                         128                      
        TLS_RSA_WITH_RC4_128_SHA                          128                      
        TLS_RSA_WITH_CAMELLIA_256_CBC_SHA                 256                      
        TLS_RSA_WITH_CAMELLIA_128_CBC_SHA                 128                      
        TLS_RSA_WITH_AES_256_CBC_SHA                      256                      
        TLS_RSA_WITH_AES_128_CBC_SHA                      128                      
        TLS_RSA_WITH_3DES_EDE_CBC_SHA                     168                      
        TLS_ECDHE_RSA_WITH_RC4_128_SHA                    128       ECDH: prime256v1 (256 bits)
        TLS_ECDHE_RSA_WITH_AES_256_CBC_SHA                256       ECDH: prime256v1 (256 bits)
        TLS_ECDHE_RSA_WITH_AES_128_CBC_SHA                128       ECDH: prime256v1 (256 bits)
        TLS_ECDHE_RSA_WITH_3DES_EDE_CBC_SHA               168       ECDH: prime256v1 (256 bits)
        TLS_DHE_RSA_WITH_SEED_CBC_SHA                     128       DH (2048 bits) 
        TLS_DHE_RSA_WITH_CAMELLIA_256_CBC_SHA             256       DH (2048 bits) 
        TLS_DHE_RSA_WITH_CAMELLIA_128_CBC_SHA             128       DH (2048 bits) 
        TLS_DHE_RSA_WITH_AES_256_CBC_SHA                  256       DH (2048 bits) 
        TLS_DHE_RSA_WITH_AES_128_CBC_SHA                  128       DH (2048 bits) 
        TLS_DHE_RSA_WITH_3DES_EDE_CBC_SHA                 168       DH (2048 bits) 

     The group of cipher suites supported by the server has the following properties:
       Forward Secrecy                    OK - Supported
       Legacy RC4 Algorithm               INSECURE - Supported

     The server has no preferred cipher suite.



 SCAN COMPLETED IN 70.64 S
 -------------------------
